[SESSION BEGIN]2014-06-03 07:53:28,098
2014-06-03 07:53:28,940 [9] DEBUG Realm.vshost.exe.Realm.MainWindow.DebugFormat() – Event Timer setup with Interval frequency of 200
2014-06-03 07:53:28,966 [9] DEBUG Realm.vshost.exe.Realm.MainWindow.Debug() – TcpServer initialized.
2014-06-03 07:53:29,100 [9] INFO  Realm.vshost.exe.Realm.MainWindow.Info() – EventManager initialized.
2014-06-03 07:53:29,104 [9] DEBUG Realm.vshost.exe.Realm.MainWindow.DebugFormat() – Realm.Server.Managers.LuaManager asked to initialize 2 LuaVMs.
2014-06-03 07:53:29,107 [9] INFO  Realm.vshost.exe.Realm.MainWindow.InfoFormat() – RegisterListener [Listener=Realm.Server.Managers.LuaManager, ListenTo=, Type=Realm.Library.Common.OnGameInitialize]
2014-06-03 07:53:29,110 [9] DEBUG Realm.vshost.exe.Realm.MainWindow.DebugFormat() – Realm.Data.DatabaseManager asked to spin up 5 database servers.
2014-06-03 07:53:29,112 [9] INFO  Realm.vshost.exe.Realm.MainWindow.InfoFormat() – RegisterListener [Listener=Realm.Data.DatabaseManager, Type=Realm.Library.Common.OnGameInitialize]
2014-06-03 07:53:29,113 [9] DEBUG Realm.vshost.exe.Realm.MainWindow.DebugFormat() – Realm.Data.StaticDataManager setup.
2014-06-03 07:53:29,114 [9] INFO  Realm.vshost.exe.Realm.MainWindow.InfoFormat() – RegisterListener [Listener=Realm.Data.StaticDataManager, Type=Realm.Library.Common.OnGameInitialize]
2014-06-03 07:53:29,116 [9] DEBUG Realm.vshost.exe.Realm.MainWindow.DebugFormat() – EntityManager initialized with Recycle Frequency of 200
2014-06-03 07:53:29,118 [9] INFO  Realm.vshost.exe.Realm.MainWindow.InfoFormat() – RegisterListener [Listener=Realm.Entity.EntityManager, Type=Realm.Library.Common.OnGameInitialize]
2014-06-03 07:53:29,120 [9] DEBUG Realm.vshost.exe.Realm.MainWindow.Debug() – ChannelHelper initialized
2014-06-03 07:53:29,122 [9] DEBUG Realm.vshost.exe.Realm.MainWindow.DebugFormat() – Realm.Communication.ChannelManager setup.
2014-06-03 07:53:29,122 [9] INFO  Realm.vshost.exe.Realm.MainWindow.InfoFormat() – RegisterListener [Listener=Realm.Communication.ChannelManager, Type=Realm.Library.Common.OnGameInitialize]
2014-06-03 07:53:29,131 [9] DEBUG Realm.vshost.exe.Realm.MainWindow.DebugFormat() – CommandManager registered 4 parsers.
2014-06-03 07:53:29,134 [9] DEBUG Realm.vshost.exe.Realm.MainWindow.DebugFormat() – CommandManager registered 46 variables.
2014-06-03 07:53:29,135 [9] DEBUG Realm.vshost.exe.Realm.MainWindow.DebugFormat() – Realm.Command.CommandManager setup.
2014-06-03 07:53:29,136 [9] INFO  Realm.vshost.exe.Realm.MainWindow.InfoFormat() – RegisterListener [Listener=Realm.Command.CommandManager, Type=Realm.Library.Common.OnGameInitialize]
2014-06-03 07:53:29,137 [9] DEBUG Realm.vshost.exe.Realm.MainWindow.DebugFormat() – Realm.Time.TimeManager setup.
2014-06-03 07:53:29,138 [9] INFO  Realm.vshost.exe.Realm.MainWindow.InfoFormat() – RegisterListener [Listener=Realm.Time.TimeManager, Type=Realm.Library.Common.OnGameInitialize]
2014-06-03 07:53:29,139 [9] INFO  Realm.vshost.exe.Realm.MainWindow.InfoFormat() – RegisterListener [Listener=Realm.Time.TimeManager, Type=Realm.Event.OnGameStop]
2014-06-03 07:53:29,140 [9] INFO  Realm.vshost.exe.Realm.MainWindow.InfoFormat() – RegisterListener [Listener=Realm.Network.NetworkManager, Type=Realm.Library.Common.OnGameInitialize]
2014-06-03 07:53:29,142 [9] DEBUG Realm.vshost.exe.Realm.MainWindow.DebugFormat() – Created new TcpServer on :0
2014-06-03 07:53:29,145 [9] DEBUG Realm.vshost.exe.Realm.MainWindow.Debug() – Completed initialization of Managers, throwing OnGameInitialize event.
2014-06-03 07:53:29,146 [9] DEBUG Realm.vshost.exe.Realm.MainWindow.DebugFormat() – Sender [Realm.Server.Game] asked to throw Event [Realm.Library.Common.OnGameInitialize].
2014-06-03 07:53:42,800 [9] DEBUG Realm.vshost.exe.Realm.MainWindow.DebugFormat() – Create instance of Event to throw with Type Realm.Library.Common.OnGameInitialize
2014-06-03 07:53:42,802 [9] DEBUG Realm.vshost.exe.Realm.MainWindow.DebugFormat() – Locate Event to Throw Realm.Library.Common.OnGameInitialize
2014-06-03 07:53:42,803 [9] DEBUG Realm.vshost.exe.Realm.MainWindow.DebugFormat() – ThrowEvent Realm.Server.Game/Realm.Library.Common.OnGameInitialize
2014-06-03 07:53:42,804 [9] DEBUG Realm.vshost.exe.Realm.MainWindow.DebugFormat() – Starting the Event Timer with interval frequency of 200
2014-06-03 07:53:43,014 [13] DEBUG Realm.vshost.exe.Realm.MainWindow.DebugFormat() – EventTimer found 1 events in the queue.
2014-06-03 07:53:43,147 [13] DEBUG Realm.vshost.exe.Realm.MainWindow.DebugFormat() – EventHandler got Event OnGameInitialize to process
2014-06-03 07:53:43,147 [13] DEBUG Realm.vshost.exe.Realm.MainWindow.DebugFormat() – EventHandler got Event Realm.Library.Common.OnGameInitialize and its in the event list.
2014-06-03 07:53:43,148 [13] DEBUG Realm.vshost.exe.Realm.MainWindow.DebugFormat() – EventHandler got Event Realm.Library.Common.OnGameInitialize and it has 8 listeners.
2014-06-03 07:53:43,149 [13] DEBUG Realm.vshost.exe.Realm.MainWindow.DebugFormat() – Event Realm.Library.Common.OnGameInitialize making a callback to listener Realm.Server.Managers.LuaManager
2014-06-03 07:53:43,157 [13] DEBUG Realm.vshost.exe.Realm.MainWindow.DebugFormat() – Realm.Server.Managers.LuaManager received Event OnGameInitialize
2014-06-03 07:53:43,280 [13] INFO  Realm.vshost.exe.Realm.MainWindow.Info() – Registering LuaFunctions for Realm.Server.Managers.LuaManager
2014-06-03 07:53:43,284 [13] INFO  Realm.vshost.exe.Realm.MainWindow.InfoFormat() – Initialized Lua VM Context with 2 VM objects.
2014-06-03 07:53:43,286 [13] INFO  Realm.vshost.exe.Realm.MainWindow.InfoFormat() – Manager Realm.Server.Managers.LuaManager initialized.
2014-06-03 07:53:43,287 [13] DEBUG Realm.vshost.exe.Realm.MainWindow.DebugFormat() – Event Realm.Library.Common.OnGameInitialize making a callback to listener Realm.Data.DatabaseManager
2014-06-03 07:53:43,288 [13] DEBUG Realm.vshost.exe.Realm.MainWindow.DebugFormat() – Realm.Data.DatabaseManager received Event OnGameInitialize
2014-06-03 07:53:44,316 [9] INFO  Realm.vshost.exe.Realm.MainWindow.InfoFormat() – TcpServer starting up on port 9001
2014-06-03 07:53:44,327 [9] INFO  Realm.vshost.exe.Realm.MainWindow.InfoFormat() – Game Startup :: Segment Length is 500 milliseconds.
2014-06-03 07:53:44,327 [15] INFO  Realm.vshost.exe.Realm.MainWindow.InfoFormat() – TcpServer Listening on 127.0.0.1:9001
2014-06-03 07:53:44,329 [9] DEBUG Realm.vshost.exe.Realm.MainWindow.DebugFormat() – Sender [Realm.Server.Game] asked to throw Event [Realm.Event.OnGameStart].
2014-06-03 07:53:44,330 [9] DEBUG Realm.vshost.exe.Realm.MainWindow.DebugFormat() – Create instance of Event to throw with Type Realm.Event.OnGameStart
2014-06-03 07:53:44,835 [14] DEBUG Realm.vshost.exe.Realm.MainWindow.DebugFormat() – Sender [Realm.Server.GameLoopProcessor] asked to throw Event [Realm.Event.OnGameSegment].
2014-06-03 07:53:44,836 [14] DEBUG Realm.vshost.exe.Realm.MainWindow.DebugFormat() – Create instance of Event to throw with Type Realm.Event.OnGameSegment
2014-06-03 07:53:45,349 [14] DEBUG Realm.vshost.exe.Realm.MainWindow.DebugFormat() – Sender [Realm.Server.GameLoopProcessor] asked to throw Event [Realm.Event.OnGameSegment].
2014-06-03 07:53:45,349 [14] DEBUG Realm.vshost.exe.Realm.MainWindow.DebugFormat() – Create instance of Event to throw with Type Realm.Event.OnGameSegment
2014-06-03 07:53:45,863 [16] DEBUG Realm.vshost.exe.Realm.MainWindow.DebugFormat() – Sender [Realm.Server.GameLoopProcessor] asked to throw Event [Realm.Event.OnGameSegment].
2014-06-03 07:53:45,863 [16] DEBUG Realm.vshost.exe.Realm.MainWindow.DebugFormat() – Create instance of Event to throw with Type Realm.Event.OnGameSegment
2014-06-03 07:53:46,365 [17] DEBUG Realm.vshost.exe.Realm.MainWindow.DebugFormat() – Sender [Realm.Server.GameLoopProcessor] asked to throw Event [Realm.Event.OnGameSegment].
2014-06-03 07:53:46,365 [17] DEBUG Realm.vshost.exe.Realm.MainWindow.DebugFormat() – Create instance of Event to throw with Type Realm.Event.OnGameSegment
2014-06-03 07:53:46,876 [16] DEBUG Realm.vshost.exe.Realm.MainWindow.DebugFormat() – Sender [Realm.Server.GameLoopProcessor] asked to throw Event [Realm.Event.OnGameSegment].
2014-06-03 07:53:46,876 [16] DEBUG Realm.vshost.exe.Realm.MainWindow.DebugFormat() – Create instance of Event to throw with Type Realm.Event.OnGameSegment
2014-06-03 07:53:47,382 [16] DEBUG Realm.vshost.exe.Realm.MainWindow.DebugFormat() – Sender [Realm.Server.GameLoopProcessor] asked to throw Event [Realm.Event.OnGameSegment].
2014-06-03 07:53:47,382 [16] DEBUG Realm.vshost.exe.Realm.MainWindow.DebugFormat() – Create instance of Event to throw with Type Realm.Event.OnGameSegment
2014-06-03 07:53:47,889 [16] DEBUG Realm.vshost.exe.Realm.MainWindow.DebugFormat() – Sender [Realm.Server.GameLoopProcessor] asked to throw Event [Realm.Event.OnGameSegment].
2014-06-03 07:53:47,889 [16] DEBUG Realm.vshost.exe.Realm.MainWindow.DebugFormat() – Create instance of Event to throw with Type Realm.Event.OnGameSegment
2014-06-03 07:53:48,395 [16] DEBUG Realm.vshost.exe.Realm.MainWindow.DebugFormat() – Sender [Realm.Server.GameLoopProcessor] asked to throw Event [Realm.Event.OnGameSegment].
2014-06-03 07:53:48,395 [16] DEBUG Realm.vshost.exe.Realm.MainWindow.DebugFormat() – Create instance of Event to throw with Type Realm.Event.OnGameSegment
2014-06-03 07:53:48,903 [16] DEBUG Realm.vshost.exe.Realm.MainWindow.DebugFormat() – Sender [Realm.Server.GameLoopProcessor] asked to throw Event [Realm.Event.OnGameSegment].
2014-06-03 07:53:48,904 [16] DEBUG Realm.vshost.exe.Realm.MainWindow.DebugFormat() – Create instance of Event to throw with Type Realm.Event.OnGameSegment
2014-06-03 07:53:49,409 [16] DEBUG Realm.vshost.exe.Realm.MainWindow.DebugFormat() – Sender [Realm.Server.GameLoopProcessor] asked to throw Event [Realm.Event.OnGameSegment].
2014-06-03 07:53:49,409 [16] DEBUG Realm.vshost.exe.Realm.MainWindow.DebugFormat() – Create instance of Event to throw with Type Realm.Event.OnGameSegment
2014-06-03 07:53:49,410 [16] DEBUG Realm.vshost.exe.Realm.MainWindow.DebugFormat() – Sender [Realm.Server.GameLoopProcessor] asked to throw Event [Realm.Event.OnGameRound].
2014-06-03 07:53:49,410 [16] DEBUG Realm.vshost.exe.Realm.MainWindow.DebugFormat() – Create instance of Event to throw with Type Realm.Event.OnGameRound
2014-06-03 07:53:49,916 [16] DEBUG Realm.vshost.exe.Realm.MainWindow.DebugFormat() – Sender [Realm.Server.GameLoopProcessor] asked to throw Event [Realm.Event.OnGameSegment].
2014-06-03 07:53:49,916 [16] DEBUG Realm.vshost.exe.Realm.MainWindow.DebugFormat() – Create instance of Event to throw with Type Realm.Event.OnGameSegment
2014-06-03 07:53:50,423 [16] DEBUG Realm.vshost.exe.Realm.MainWindow.DebugFormat() – Sender [Realm.Server.GameLoopProcessor] asked to throw Event [Realm.Event.OnGameSegment].
2014-06-03 07:53:50,423 [16] DEBUG Realm.vshost.exe.Realm.MainWindow.DebugFormat() – Create instance of Event to throw with Type Realm.Event.OnGameSegment
2014-06-03 07:53:50,930 [16] DEBUG Realm.vshost.exe.Realm.MainWindow.DebugFormat() – Sender [Realm.Server.GameLoopProcessor] asked to throw Event [Realm.Event.OnGameSegment].
2014-06-03 07:53:50,930 [16] DEBUG Realm.vshost.exe.Realm.MainWindow.DebugFormat() – Create instance of Event to throw with Type Realm.Event.OnGameSegment
2014-06-03 07:53:51,435 [16] DEBUG Realm.vshost.exe.Realm.MainWindow.DebugFormat() – Sender [Realm.Server.GameLoopProcessor] asked to throw Event [Realm.Event.OnGameSegment].
2014-06-03 07:53:51,435 [16] DEBUG Realm.vshost.exe.Realm.MainWindow.DebugFormat() – Create instance of Event to throw with Type Realm.Event.OnGameSegment
2014-06-03 07:53:51,943 [16] DEBUG Realm.vshost.exe.Realm.MainWindow.DebugFormat() – Sender [Realm.Server.GameLoopProcessor] asked to throw Event [Realm.Event.OnGameSegment].
2014-06-03 07:53:51,943 [16] DEBUG Realm.vshost.exe.Realm.MainWindow.DebugFormat() – Create instance of Event to throw with Type Realm.Event.OnGameSegment
2014-06-03 07:53:52,449 [16] DEBUG Realm.vshost.exe.Realm.MainWindow.DebugFormat() – Sender [Realm.Server.GameLoopProcessor] asked to throw Event [Realm.Event.OnGameSegment].
2014-06-03 07:53:52,449 [16] DEBUG Realm.vshost.exe.Realm.MainWindow.DebugFormat() – Create instance of Event to throw with Type Realm.Event.OnGameSegment
2014-06-03 07:53:52,956 [16] DEBUG Realm.vshost.exe.Realm.MainWindow.DebugFormat() – Sender [Realm.Server.GameLoopProcessor] asked to throw Event [Realm.Event.OnGameSegment].
2014-06-03 07:53:52,956 [16] DEBUG Realm.vshost.exe.Realm.MainWindow.DebugFormat() – Create instance of Event to throw with Type Realm.Event.OnGameSegment
2014-06-03 07:53:53,462 [16] DEBUG Realm.vshost.exe.Realm.MainWindow.DebugFormat() – Sender [Realm.Server.GameLoopProcessor] asked to throw Event [Realm.Event.OnGameSegment].
2014-06-03 07:53:53,462 [16] DEBUG Realm.vshost.exe.Realm.MainWindow.DebugFormat() – Create instance of Event to throw with Type Realm.Event.OnGameSegment
2014-06-03 07:53:53,970 [17] DEBUG Realm.vshost.exe.Realm.MainWindow.DebugFormat() – Sender [Realm.Server.GameLoopProcessor] asked to throw Event [Realm.Event.OnGameSegment].
2014-06-03 07:53:53,970 [17] DEBUG Realm.vshost.exe.Realm.MainWindow.DebugFormat() – Create instance of Event to throw with Type Realm.Event.OnGameSegment
2014-06-03 07:53:54,475 [17] DEBUG Realm.vshost.exe.Realm.MainWindow.DebugFormat() – Sender [Realm.Server.GameLoopProcessor] asked to throw Event [Realm.Event.OnGameSegment].
2014-06-03 07:53:54,475 [17] DEBUG Realm.vshost.exe.Realm.MainWindow.DebugFormat() – Create instance of Event to throw with Type Realm.Event.OnGameSegment
2014-06-03 07:53:54,476 [17] DEBUG Realm.vshost.exe.Realm.MainWindow.DebugFormat() – Sender [Realm.Server.GameLoopProcessor] asked to throw Event [Realm.Event.OnGameRound].
2014-06-03 07:53:54,476 [17] DEBUG Realm.vshost.exe.Realm.MainWindow.DebugFormat() – Create instance of Event to throw with Type Realm.Event.OnGameRound
2014-06-03 07:53:54,983 [17] DEBUG Realm.vshost.exe.Realm.MainWindow.DebugFormat() – Sender [Realm.Server.GameLoopProcessor] asked to throw Event [Realm.Event.OnGameSegment].
2014-06-03 07:53:54,983 [17] DEBUG Realm.vshost.exe.Realm.MainWindow.DebugFormat() – Create instance of Event to throw with Type Realm.Event.OnGameSegment
2014-06-03 07:53:55,498 [17] DEBUG Realm.vshost.exe.Realm.MainWindow.DebugFormat() – Sender [Realm.Server.GameLoopProcessor] asked to throw Event [Realm.Event.OnGameSegment].
2014-06-03 07:53:55,498 [17] DEBUG Realm.vshost.exe.Realm.MainWindow.DebugFormat() – Create instance of Event to throw with Type Realm.Event.OnGameSegment
2014-06-03 07:53:56,002 [17] DEBUG Realm.vshost.exe.Realm.MainWindow.DebugFormat() – Sender [Realm.Server.GameLoopProcessor] asked to throw Event [Realm.Event.OnGameSegment].
2014-06-03 07:53:56,003 [17] DEBUG Realm.vshost.exe.Realm.MainWindow.DebugFormat() – Create instance of Event to throw with Type Realm.Event.OnGameSegment
2014-06-03 07:53:56,511 [17] DEBUG Realm.vshost.exe.Realm.MainWindow.DebugFormat() – Sender [Realm.Server.GameLoopProcessor] asked to throw Event [Realm.Event.OnGameSegment].
2014-06-03 07:53:56,511 [17] DEBUG Realm.vshost.exe.Realm.MainWindow.DebugFormat() – Create instance of Event to throw with Type Realm.Event.OnGameSegment
2014-06-03 07:53:57,015 [17] DEBUG Realm.vshost.exe.Realm.MainWindow.DebugFormat() – Sender [Realm.Server.GameLoopProcessor] asked to throw Event [Realm.Event.OnGameSegment].
2014-06-03 07:53:57,015 [17] DEBUG Realm.vshost.exe.Realm.MainWindow.DebugFormat() – Create instance of Event to throw with Type Realm.Event.OnGameSegment
2014-06-03 07:53:57,525 [17] DEBUG Realm.vshost.exe.Realm.MainWindow.DebugFormat() – Sender [Realm.Server.GameLoopProcessor] asked to throw Event [Realm.Event.OnGameSegment].
2014-06-03 07:53:57,525 [17] DEBUG Realm.vshost.exe.Realm.MainWindow.DebugFormat() – Create instance of Event to throw with Type Realm.Event.OnGameSegment
2014-06-03 07:53:58,028 [17] DEBUG Realm.vshost.exe.Realm.MainWindow.DebugFormat() – Sender [Realm.Server.GameLoopProcessor] asked to throw Event [Realm.Event.OnGameSegment].
2014-06-03 07:53:58,028 [17] DEBUG Realm.vshost.exe.Realm.MainWindow.DebugFormat() – Create instance of Event to throw with Type Realm.Event.OnGameSegment
2014-06-03 07:53:58,538 [17] DEBUG Realm.vshost.exe.Realm.MainWindow.DebugFormat() – Sender [Realm.Server.GameLoopProcessor] asked to throw Event [Realm.Event.OnGameSegment].
2014-06-03 07:53:58,538 [17] DEBUG Realm.vshost.exe.Realm.MainWindow.DebugFormat() – Create instance of Event to throw with Type Realm.Event.OnGameSegment
2014-06-03 07:53:59,047 [16] DEBUG Realm.vshost.exe.Realm.MainWindow.DebugFormat() – Sender [Realm.Server.GameLoopProcessor] asked to throw Event [Realm.Event.OnGameSegment].
2014-06-03 07:53:59,047 [16] DEBUG Realm.vshost.exe.Realm.MainWindow.DebugFormat() – Create instance of Event to throw with Type Realm.Event.OnGameSegment
2014-06-03 07:53:59,551 [16] DEBUG Realm.vshost.exe.Realm.MainWindow.DebugFormat() – Sender [Realm.Server.GameLoopProcessor] asked to throw Event [Realm.Event.OnGameSegment].
2014-06-03 07:53:59,551 [16] DEBUG Realm.vshost.exe.Realm.MainWindow.DebugFormat() – Create instance of Event to throw with Type Realm.Event.OnGameSegment
2014-06-03 07:53:59,552 [16] DEBUG Realm.vshost.exe.Realm.MainWindow.DebugFormat() – Sender [Realm.Server.GameLoopProcessor] asked to throw Event [Realm.Event.OnGameRound].
2014-06-03 07:53:59,552 [16] DEBUG Realm.vshost.exe.Realm.MainWindow.DebugFormat() – Create instance of Event to throw with Type Realm.Event.OnGameRound
2014-06-03 07:54:00,050 [13] ERROR Realm.vshost.exe.Realm.MainWindow.Error() – Manager Realm.Data.DatabaseManager failed to initialize.
System.Data.SqlClient.SqlException (0x80131904): A network-related or instance-specific error occurred while establishing a connection to SQL Server. The server was not found or was not accessible. Verify that the instance name is correct and that SQL Server is configured to allow remote connections. (provider: SQL Network Interfaces, error: 26 - Error Locating Server/Instance Specified)
   at System.Data.SqlClient.SqlInternalConnection.OnError(SqlException exception, Boolean breakConnection, Action`1 wrapCloseInAction)
   at System.Data.SqlClient.TdsParser.ThrowExceptionAndWarning(TdsParserStateObject stateObj, Boolean callerHasConnectionLock, Boolean asyncClose)
   at System.Data.SqlClient.TdsParser.Connect(ServerInfo serverInfo, SqlInternalConnectionTds connHandler, Boolean ignoreSniOpenTimeout, Int64 timerExpire, Boolean encrypt, Boolean trustServerCert, Boolean integratedSecurity, Boolean withFailover)
   at System.Data.SqlClient.SqlInternalConnectionTds.AttemptOneLogin(ServerInfo serverInfo, String newPassword, SecureString newSecurePassword, Boolean ignoreSniOpenTimeout, TimeoutTimer timeout, Boolean withFailover)
   at System.Data.SqlClient.SqlInternalConnectionTds.LoginNoFailover(ServerInfo serverInfo, String newPassword, SecureString newSecurePassword, Boolean redirectedUserInstance, SqlConnectionString connectionOptions, SqlCredential credential, TimeoutTimer timeout)
   at System.Data.SqlClient.SqlInternalConnectionTds.OpenLoginEnlist(TimeoutTimer timeout, SqlConnectionString connectionOptions, SqlCredential credential, String newPassword, SecureString newSecurePassword, Boolean redirectedUserInstance)
   at System.Data.SqlClient.SqlInternalConnectionTds..ctor(DbConnectionPoolIdentity identity, SqlConnectionString connectionOptions, SqlCredential credential, Object providerInfo, String newPassword, SecureString newSecurePassword, Boolean redirectedUserInstance, SqlConnectionString userConnectionOptions, SessionData reconnectSessionData)
   at System.Data.SqlClient.SqlConnectionFactory.CreateConnection(DbConnectionOptions options, DbConnectionPoolKey poolKey, Object poolGroupProviderInfo, DbConnectionPool pool, DbConnection owningConnection, DbConnectionOptions userOptions)
   at System.Data.ProviderBase.DbConnectionFactory.CreateNonPooledConnection(DbConnection owningConnection, DbConnectionPoolGroup poolGroup, DbConnectionOptions userOptions)
   at System.Data.ProviderBase.DbConnectionFactory.TryGetConnection(DbConnection owningConnection, TaskCompletionSource`1 retry, DbConnectionOptions userOptions, DbConnectionInternal oldConnection, DbConnectionInternal& connection)
   at System.Data.ProviderBase.DbConnectionInternal.TryOpenConnectionInternal(DbConnection outerConnection, DbConnectionFactory connectionFactory, TaskCompletionSource`1 retry, DbConnectionOptions userOptions)
   at System.Data.ProviderBase.DbConnectionClosed.TryOpenConnection(DbConnection outerConnection, DbConnectionFactory connectionFactory, TaskCompletionSource`1 retry, DbConnectionOptions userOptions)
   at System.Data.SqlClient.SqlConnection.TryOpenInner(TaskCompletionSource`1 retry)
   at System.Data.SqlClient.SqlConnection.TryOpen(TaskCompletionSource`1 retry)
   at System.Data.SqlClient.SqlConnection.Open()
   at Realm.Library.Database.Framework.DatabaseServer..ctor(Int64 id, String connectionString, LogWrapper log, IEnumerable`1 procedureLoaders) in c:\Users\jmurdick\Documents\Visual Studio 2013\Projects\Realm\Source\Realm.Library\Realm.Library.Database\Framework\DatabaseServer.cs:line 46
   at Realm.Library.Database.Framework.DatabaseServerContext.<>c__DisplayClass2.<.ctor>b__0(Int32 i) in c:\Users\jmurdick\Documents\Visual Studio 2013\Projects\Realm\Source\Realm.Library\Realm.Library.Database\Framework\DatabaseServerContext.cs:line 44
   at System.Collections.Generic.List`1.ForEach(Action`1 action)
   at Realm.Library.Database.Framework.DatabaseServerContext..ctor(LogWrapper log, String connectionString, Int32 numberServers, IEnumerable`1 procedureLoaders) in c:\Users\jmurdick\Documents\Visual Studio 2013\Projects\Realm\Source\Realm.Library\Realm.Library.Database\Framework\DatabaseServerContext.cs:line 41
   at Realm.Data.DatabaseManager.Instance_OnGameInitialize(RealmEventArgs args) in c:\Users\jmurdick\Documents\Visual Studio 2013\Projects\Realm\Source\Realm.Server\Realm.Data\DatabaseManager.cs:line 115
ClientConnectionId:00000000-0000-0000-0000-000000000000
2014-06-03 07:54:00,055 [17] DEBUG Realm.vshost.exe.Realm.MainWindow.DebugFormat() – Sender [Realm.Server.GameLoopProcessor] asked to throw Event [Realm.Event.OnGameSegment].
2014-06-03 07:54:00,056 [17] DEBUG Realm.vshost.exe.Realm.MainWindow.DebugFormat() – Create instance of Event to throw with Type Realm.Event.OnGameSegment
[SESSION BEGIN]2014-06-03 11:31:43,853
2014-06-03 11:31:45,008 [10] DEBUG Realm.vshost.exe.Realm.MainWindow.Debug() – TcpServer initialized.
2014-06-03 11:31:45,103 [10] ERROR Realm.vshost.exe.Realm.MainWindow.Error() – Error activating int
No matching bindings are available, and the type is not self-bindable.
Activation path:
  2) Injection of dependency int into parameter frequency of constructor of type EventHandler
  1) Request for IEventHandler

Suggestions:
  1) Ensure that you have defined a binding for int.
  2) If the binding was defined in a module, ensure that the module has been loaded into the kernel.
  3) Ensure you have not accidentally created more than one kernel.
  4) If you are using constructor arguments, ensure that the parameter name matches the constructors parameter name.
  5) If you are using automatic module loading, ensure the search path and filters are correct.

Ninject.ActivationException: Error activating int
No matching bindings are available, and the type is not self-bindable.
Activation path:
  2) Injection of dependency int into parameter frequency of constructor of type EventHandler
  1) Request for IEventHandler

Suggestions:
  1) Ensure that you have defined a binding for int.
  2) If the binding was defined in a module, ensure that the module has been loaded into the kernel.
  3) Ensure you have not accidentally created more than one kernel.
  4) If you are using constructor arguments, ensure that the parameter name matches the constructors parameter name.
  5) If you are using automatic module loading, ensure the search path and filters are correct.

   at Ninject.KernelBase.Resolve(IRequest request)
   at Ninject.Planning.Targets.Target`1.GetValue(Type service, IContext parent)
   at Ninject.Planning.Targets.Target`1.ResolveWithin(IContext parent)
   at Ninject.Activation.Providers.StandardProvider.GetValue(IContext context, ITarget target)
   at Ninject.Activation.Providers.StandardProvider.<>c__DisplayClass4.<Create>b__2(ITarget target)
   at System.Linq.Enumerable.WhereSelectArrayIterator`2.MoveNext()
   at System.Linq.Buffer`1..ctor(IEnumerable`1 source)
   at System.Linq.Enumerable.ToArray[TSource](IEnumerable`1 source)
   at Ninject.Activation.Providers.StandardProvider.Create(IContext context)
   at Ninject.Activation.Context.ResolveInternal(Object scope)
   at Ninject.Activation.Context.Resolve()
   at Ninject.KernelBase.<>c__DisplayClass15.<Resolve>b__f(IBinding binding)
   at System.Linq.Enumerable.WhereSelectEnumerableIterator`2.MoveNext()
   at System.Linq.Enumerable.<CastIterator>d__b1`1.MoveNext()
   at System.Linq.Enumerable.Single[TSource](IEnumerable`1 source)
   at Ninject.ResolutionExtensions.Get[T](IResolutionRoot root, IParameter[] parameters)
   at Realm.Server.Game.InitEventManager(DictionaryAtom initAtom) in c:\Users\jmurdick\Documents\Visual Studio 2013\Projects\Realm\Source\Realm.Server\Realm.Server\Game.cs:line 124
   at Realm.Server.Game.OnInit(DictionaryAtom initAtom) in c:\Users\jmurdick\Documents\Visual Studio 2013\Projects\Realm\Source\Realm.Server\Realm.Server\Game.cs:line 253
2014-06-03 11:31:45,108 [10] ERROR Realm.vshost.exe.Realm.MainWindow.Error() – Ninject.ActivationException: Error activating int
No matching bindings are available, and the type is not self-bindable.
Activation path:
  2) Injection of dependency int into parameter frequency of constructor of type EventHandler
  1) Request for IEventHandler

Suggestions:
  1) Ensure that you have defined a binding for int.
  2) If the binding was defined in a module, ensure that the module has been loaded into the kernel.
  3) Ensure you have not accidentally created more than one kernel.
  4) If you are using constructor arguments, ensure that the parameter name matches the constructors parameter name.
  5) If you are using automatic module loading, ensure the search path and filters are correct.

   at Ninject.KernelBase.Resolve(IRequest request)
   at Ninject.Planning.Targets.Target`1.GetValue(Type service, IContext parent)
   at Ninject.Planning.Targets.Target`1.ResolveWithin(IContext parent)
   at Ninject.Activation.Providers.StandardProvider.GetValue(IContext context, ITarget target)
   at Ninject.Activation.Providers.StandardProvider.<>c__DisplayClass4.<Create>b__2(ITarget target)
   at System.Linq.Enumerable.WhereSelectArrayIterator`2.MoveNext()
   at System.Linq.Buffer`1..ctor(IEnumerable`1 source)
   at System.Linq.Enumerable.ToArray[TSource](IEnumerable`1 source)
   at Ninject.Activation.Providers.StandardProvider.Create(IContext context)
   at Ninject.Activation.Context.ResolveInternal(Object scope)
   at Ninject.Activation.Context.Resolve()
   at Ninject.KernelBase.<>c__DisplayClass15.<Resolve>b__f(IBinding binding)
   at System.Linq.Enumerable.WhereSelectEnumerableIterator`2.MoveNext()
   at System.Linq.Enumerable.<CastIterator>d__b1`1.MoveNext()
   at System.Linq.Enumerable.Single[TSource](IEnumerable`1 source)
   at Ninject.ResolutionExtensions.Get[T](IResolutionRoot root, IParameter[] parameters)
   at Realm.Server.Game.InitEventManager(DictionaryAtom initAtom) in c:\Users\jmurdick\Documents\Visual Studio 2013\Projects\Realm\Source\Realm.Server\Realm.Server\Game.cs:line 124
   at Realm.Server.Game.OnInit(DictionaryAtom initAtom) in c:\Users\jmurdick\Documents\Visual Studio 2013\Projects\Realm\Source\Realm.Server\Realm.Server\Game.cs:line 253
2014-06-03 11:31:45,174 [10] FATAL Realm.vshost.exe.Realm.MainWindow.Fatal() – 'The invocation of the constructor on type 'Realm.MainWindow' that matches the specified binding constraints threw an exception.' Line number '8' and line position '70'.
System.Windows.Markup.XamlParseException: 'The invocation of the constructor on type 'Realm.MainWindow' that matches the specified binding constraints threw an exception.' Line number '8' and line position '70'. ---> Realm.Library.Common.InitializationException: Exception occurred in Realm.Server.Game:OnInit ---> Ninject.ActivationException: Error activating int
No matching bindings are available, and the type is not self-bindable.
Activation path:
  2) Injection of dependency int into parameter frequency of constructor of type EventHandler
  1) Request for IEventHandler

Suggestions:
  1) Ensure that you have defined a binding for int.
  2) If the binding was defined in a module, ensure that the module has been loaded into the kernel.
  3) Ensure you have not accidentally created more than one kernel.
  4) If you are using constructor arguments, ensure that the parameter name matches the constructors parameter name.
  5) If you are using automatic module loading, ensure the search path and filters are correct.

   at Ninject.KernelBase.Resolve(IRequest request)
   at Ninject.Planning.Targets.Target`1.GetValue(Type service, IContext parent)
   at Ninject.Planning.Targets.Target`1.ResolveWithin(IContext parent)
   at Ninject.Activation.Providers.StandardProvider.GetValue(IContext context, ITarget target)
   at Ninject.Activation.Providers.StandardProvider.<>c__DisplayClass4.<Create>b__2(ITarget target)
   at System.Linq.Enumerable.WhereSelectArrayIterator`2.MoveNext()
   at System.Linq.Buffer`1..ctor(IEnumerable`1 source)
   at System.Linq.Enumerable.ToArray[TSource](IEnumerable`1 source)
   at Ninject.Activation.Providers.StandardProvider.Create(IContext context)
   at Ninject.Activation.Context.ResolveInternal(Object scope)
   at Ninject.Activation.Context.Resolve()
   at Ninject.KernelBase.<>c__DisplayClass15.<Resolve>b__f(IBinding binding)
   at System.Linq.Enumerable.WhereSelectEnumerableIterator`2.MoveNext()
   at System.Linq.Enumerable.<CastIterator>d__b1`1.MoveNext()
   at System.Linq.Enumerable.Single[TSource](IEnumerable`1 source)
   at Ninject.ResolutionExtensions.Get[T](IResolutionRoot root, IParameter[] parameters)
   at Realm.Server.Game.InitEventManager(DictionaryAtom initAtom) in c:\Users\jmurdick\Documents\Visual Studio 2013\Projects\Realm\Source\Realm.Server\Realm.Server\Game.cs:line 124
   at Realm.Server.Game.OnInit(DictionaryAtom initAtom) in c:\Users\jmurdick\Documents\Visual Studio 2013\Projects\Realm\Source\Realm.Server\Realm.Server\Game.cs:line 253
   --- End of inner exception stack trace ---
   at Realm.Library.Common.ExceptionExtensions.Handle[T](Exception exception, ExceptionHandlingOptions exceptionBehavior, ILogWrapper log, String msg, Object[] parameters) in c:\Users\jmurdick\Documents\Visual Studio 2013\Projects\Realm\Source\Realm.Library\Realm.Library.Common\Exceptions\ExceptionExtensions.cs:line 37
   at Realm.Server.Game.OnInit(DictionaryAtom initAtom) in c:\Users\jmurdick\Documents\Visual Studio 2013\Projects\Realm\Source\Realm.Server\Realm.Server\Game.cs:line 297
   at Realm.MainWindow.OnStartup_GameInitialization() in c:\Users\jmurdick\Documents\Visual Studio 2013\Projects\Realm\Source\Realm.Server\Realm\MainWindow.xaml.cs:line 135
   at Realm.MainWindow.Initialize() in c:\Users\jmurdick\Documents\Visual Studio 2013\Projects\Realm\Source\Realm.Server\Realm\MainWindow.xaml.cs:line 89
   at Realm.MainWindow..ctor() in c:\Users\jmurdick\Documents\Visual Studio 2013\Projects\Realm\Source\Realm.Server\Realm\MainWindow.xaml.cs:line 49
   --- End of inner exception stack trace ---
   at System.Windows.Markup.WpfXamlLoader.Load(XamlReader xamlReader, IXamlObjectWriterFactory writerFactory, Boolean skipJournaledProperties, Object rootObject, XamlObjectWriterSettings settings, Uri baseUri)
   at System.Windows.Markup.WpfXamlLoader.LoadBaml(XamlReader xamlReader, Boolean skipJournaledProperties, Object rootObject, XamlAccessLevel accessLevel, Uri baseUri)
   at System.Windows.Markup.XamlReader.LoadBaml(Stream stream, ParserContext parserContext, Object parent, Boolean closeStream)
   at System.Windows.Application.LoadBamlStreamWithSyncInfo(Stream stream, ParserContext pc)
   at System.Windows.Application.LoadComponent(Uri resourceLocator, Boolean bSkipJournaledProperties)
   at System.Windows.Application.DoStartup()
   at System.Windows.Application.<.ctor>b__1(Object unused)
   at System.Windows.Threading.ExceptionWrapper.InternalRealCall(Delegate callback, Object args, Int32 numArgs)
   at MS.Internal.Threading.ExceptionFilterHelper.TryCatchWhen(Object source, Delegate method, Object args, Int32 numArgs, Delegate catchHandler)
   at System.Windows.Threading.DispatcherOperation.InvokeImpl()
   at System.Windows.Threading.DispatcherOperation.InvokeInSecurityContext(Object state)
   at System.Threading.ExecutionContext.RunInternal(ExecutionContext executionContext, ContextCallback callback, Object state, Boolean preserveSyncCtx)
   at System.Threading.ExecutionContext.Run(ExecutionContext executionContext, ContextCallback callback, Object state, Boolean preserveSyncCtx)
   at System.Threading.ExecutionContext.Run(ExecutionContext executionContext, ContextCallback callback, Object state)
   at System.Windows.Threading.DispatcherOperation.Invoke()
   at System.Windows.Threading.Dispatcher.ProcessQueue()
   at System.Windows.Threading.Dispatcher.WndProcHook(IntPtr hwnd, Int32 msg, IntPtr wParam, IntPtr lParam, Boolean& handled)
   at MS.Win32.HwndWrapper.WndProc(IntPtr hwnd, Int32 msg, IntPtr wParam, IntPtr lParam, Boolean& handled)
   at MS.Win32.HwndSubclass.DispatcherCallbackOperation(Object o)
   at System.Windows.Threading.ExceptionWrapper.InternalRealCall(Delegate callback, Object args, Int32 numArgs)
   at MS.Internal.Threading.ExceptionFilterHelper.TryCatchWhen(Object source, Delegate method, Object args, Int32 numArgs, Delegate catchHandler)
   at System.Windows.Threading.Dispatcher.LegacyInvokeImpl(DispatcherPriority priority, TimeSpan timeout, Delegate method, Object args, Int32 numArgs)
   at MS.Win32.HwndSubclass.SubclassWndProc(IntPtr hwnd, Int32 msg, IntPtr wParam, IntPtr lParam)
   at MS.Win32.UnsafeNativeMethods.DispatchMessage(MSG& msg)
   at System.Windows.Threading.Dispatcher.PushFrameImpl(DispatcherFrame frame)
   at System.Windows.Threading.Dispatcher.PushFrame(DispatcherFrame frame)
   at System.Windows.Threading.Dispatcher.Run()
   at System.Windows.Application.RunDispatcher(Object ignore)
   at System.Windows.Application.RunInternal(Window window)
   at System.Windows.Application.Run(Window window)
   at System.Windows.Application.Run()
   at Realm.App.Main() in c:\Users\jmurdick\Documents\Visual Studio 2013\Projects\Realm\Source\Realm.Server\Realm\obj\Debug\App.g.cs:line 0
   at System.AppDomain._nExecuteAssembly(RuntimeAssembly assembly, String[] args)
   at System.AppDomain.ExecuteAssembly(String assemblyFile, Evidence assemblySecurity, String[] args)
   at Microsoft.VisualStudio.HostingProcess.HostProc.RunUsersAssembly()
   at System.Threading.ThreadHelper.ThreadStart_Context(Object state)
   at System.Threading.ExecutionContext.RunInternal(ExecutionContext executionContext, ContextCallback callback, Object state, Boolean preserveSyncCtx)
   at System.Threading.ExecutionContext.Run(ExecutionContext executionContext, ContextCallback callback, Object state, Boolean preserveSyncCtx)
   at System.Threading.ExecutionContext.Run(ExecutionContext executionContext, ContextCallback callback, Object state)
   at System.Threading.ThreadHelper.ThreadStart()
2014-06-03 11:31:45,177 [10] FATAL Realm.vshost.exe.Realm.MainWindow.Fatal() – System.Windows.Markup.XamlParseException: 'The invocation of the constructor on type 'Realm.MainWindow' that matches the specified binding constraints threw an exception.' Line number '8' and line position '70'. ---> Realm.Library.Common.InitializationException: Exception occurred in Realm.Server.Game:OnInit ---> Ninject.ActivationException: Error activating int
No matching bindings are available, and the type is not self-bindable.
Activation path:
  2) Injection of dependency int into parameter frequency of constructor of type EventHandler
  1) Request for IEventHandler

Suggestions:
  1) Ensure that you have defined a binding for int.
  2) If the binding was defined in a module, ensure that the module has been loaded into the kernel.
  3) Ensure you have not accidentally created more than one kernel.
  4) If you are using constructor arguments, ensure that the parameter name matches the constructors parameter name.
  5) If you are using automatic module loading, ensure the search path and filters are correct.

   at Ninject.KernelBase.Resolve(IRequest request)
   at Ninject.Planning.Targets.Target`1.GetValue(Type service, IContext parent)
   at Ninject.Planning.Targets.Target`1.ResolveWithin(IContext parent)
   at Ninject.Activation.Providers.StandardProvider.GetValue(IContext context, ITarget target)
   at Ninject.Activation.Providers.StandardProvider.<>c__DisplayClass4.<Create>b__2(ITarget target)
   at System.Linq.Enumerable.WhereSelectArrayIterator`2.MoveNext()
   at System.Linq.Buffer`1..ctor(IEnumerable`1 source)
   at System.Linq.Enumerable.ToArray[TSource](IEnumerable`1 source)
   at Ninject.Activation.Providers.StandardProvider.Create(IContext context)
   at Ninject.Activation.Context.ResolveInternal(Object scope)
   at Ninject.Activation.Context.Resolve()
   at Ninject.KernelBase.<>c__DisplayClass15.<Resolve>b__f(IBinding binding)
   at System.Linq.Enumerable.WhereSelectEnumerableIterator`2.MoveNext()
   at System.Linq.Enumerable.<CastIterator>d__b1`1.MoveNext()
   at System.Linq.Enumerable.Single[TSource](IEnumerable`1 source)
   at Ninject.ResolutionExtensions.Get[T](IResolutionRoot root, IParameter[] parameters)
   at Realm.Server.Game.InitEventManager(DictionaryAtom initAtom) in c:\Users\jmurdick\Documents\Visual Studio 2013\Projects\Realm\Source\Realm.Server\Realm.Server\Game.cs:line 124
   at Realm.Server.Game.OnInit(DictionaryAtom initAtom) in c:\Users\jmurdick\Documents\Visual Studio 2013\Projects\Realm\Source\Realm.Server\Realm.Server\Game.cs:line 253
   --- End of inner exception stack trace ---
   at Realm.Library.Common.ExceptionExtensions.Handle[T](Exception exception, ExceptionHandlingOptions exceptionBehavior, ILogWrapper log, String msg, Object[] parameters) in c:\Users\jmurdick\Documents\Visual Studio 2013\Projects\Realm\Source\Realm.Library\Realm.Library.Common\Exceptions\ExceptionExtensions.cs:line 37
   at Realm.Server.Game.OnInit(DictionaryAtom initAtom) in c:\Users\jmurdick\Documents\Visual Studio 2013\Projects\Realm\Source\Realm.Server\Realm.Server\Game.cs:line 297
   at Realm.MainWindow.OnStartup_GameInitialization() in c:\Users\jmurdick\Documents\Visual Studio 2013\Projects\Realm\Source\Realm.Server\Realm\MainWindow.xaml.cs:line 135
   at Realm.MainWindow.Initialize() in c:\Users\jmurdick\Documents\Visual Studio 2013\Projects\Realm\Source\Realm.Server\Realm\MainWindow.xaml.cs:line 89
   at Realm.MainWindow..ctor() in c:\Users\jmurdick\Documents\Visual Studio 2013\Projects\Realm\Source\Realm.Server\Realm\MainWindow.xaml.cs:line 49
   --- End of inner exception stack trace ---
   at System.Windows.Markup.WpfXamlLoader.Load(XamlReader xamlReader, IXamlObjectWriterFactory writerFactory, Boolean skipJournaledProperties, Object rootObject, XamlObjectWriterSettings settings, Uri baseUri)
   at System.Windows.Markup.WpfXamlLoader.LoadBaml(XamlReader xamlReader, Boolean skipJournaledProperties, Object rootObject, XamlAccessLevel accessLevel, Uri baseUri)
   at System.Windows.Markup.XamlReader.LoadBaml(Stream stream, ParserContext parserContext, Object parent, Boolean closeStream)
   at System.Windows.Application.LoadBamlStreamWithSyncInfo(Stream stream, ParserContext pc)
   at System.Windows.Application.LoadComponent(Uri resourceLocator, Boolean bSkipJournaledProperties)
   at System.Windows.Application.DoStartup()
   at System.Windows.Application.<.ctor>b__1(Object unused)
   at System.Windows.Threading.ExceptionWrapper.InternalRealCall(Delegate callback, Object args, Int32 numArgs)
   at MS.Internal.Threading.ExceptionFilterHelper.TryCatchWhen(Object source, Delegate method, Object args, Int32 numArgs, Delegate catchHandler)
   at System.Windows.Threading.DispatcherOperation.InvokeImpl()
   at System.Windows.Threading.DispatcherOperation.InvokeInSecurityContext(Object state)
   at System.Threading.ExecutionContext.RunInternal(ExecutionContext executionContext, ContextCallback callback, Object state, Boolean preserveSyncCtx)
   at System.Threading.ExecutionContext.Run(ExecutionContext executionContext, ContextCallback callback, Object state, Boolean preserveSyncCtx)
   at System.Threading.ExecutionContext.Run(ExecutionContext executionContext, ContextCallback callback, Object state)
   at System.Windows.Threading.DispatcherOperation.Invoke()
   at System.Windows.Threading.Dispatcher.ProcessQueue()
   at System.Windows.Threading.Dispatcher.WndProcHook(IntPtr hwnd, Int32 msg, IntPtr wParam, IntPtr lParam, Boolean& handled)
   at MS.Win32.HwndWrapper.WndProc(IntPtr hwnd, Int32 msg, IntPtr wParam, IntPtr lParam, Boolean& handled)
   at MS.Win32.HwndSubclass.DispatcherCallbackOperation(Object o)
   at System.Windows.Threading.ExceptionWrapper.InternalRealCall(Delegate callback, Object args, Int32 numArgs)
   at MS.Internal.Threading.ExceptionFilterHelper.TryCatchWhen(Object source, Delegate method, Object args, Int32 numArgs, Delegate catchHandler)
   at System.Windows.Threading.Dispatcher.LegacyInvokeImpl(DispatcherPriority priority, TimeSpan timeout, Delegate method, Object args, Int32 numArgs)
   at MS.Win32.HwndSubclass.SubclassWndProc(IntPtr hwnd, Int32 msg, IntPtr wParam, IntPtr lParam)
   at MS.Win32.UnsafeNativeMethods.DispatchMessage(MSG& msg)
   at System.Windows.Threading.Dispatcher.PushFrameImpl(DispatcherFrame frame)
   at System.Windows.Threading.Dispatcher.PushFrame(DispatcherFrame frame)
   at System.Windows.Threading.Dispatcher.Run()
   at System.Windows.Application.RunDispatcher(Object ignore)
   at System.Windows.Application.RunInternal(Window window)
   at System.Windows.Application.Run(Window window)
   at System.Windows.Application.Run()
   at Realm.App.Main() in c:\Users\jmurdick\Documents\Visual Studio 2013\Projects\Realm\Source\Realm.Server\Realm\obj\Debug\App.g.cs:line 0
   at System.AppDomain._nExecuteAssembly(RuntimeAssembly assembly, String[] args)
   at System.AppDomain.ExecuteAssembly(String assemblyFile, Evidence assemblySecurity, String[] args)
   at Microsoft.VisualStudio.HostingProcess.HostProc.RunUsersAssembly()
   at System.Threading.ThreadHelper.ThreadStart_Context(Object state)
   at System.Threading.ExecutionContext.RunInternal(ExecutionContext executionContext, ContextCallback callback, Object state, Boolean preserveSyncCtx)
   at System.Threading.ExecutionContext.Run(ExecutionContext executionContext, ContextCallback callback, Object state, Boolean preserveSyncCtx)
   at System.Threading.ExecutionContext.Run(ExecutionContext executionContext, ContextCallback callback, Object state)
   at System.Threading.ThreadHelper.ThreadStart()
[SESSION BEGIN]2014-06-03 11:32:10,484
2014-06-03 11:32:13,885 [10] DEBUG Realm.vshost.exe.Realm.MainWindow.Debug() – TcpServer initialized.
[SESSION BEGIN]2014-06-03 11:33:17,843
2014-06-03 11:33:18,823 [9] DEBUG Realm.vshost.exe.Realm.MainWindow.Debug() – TcpServer initialized.
[SESSION BEGIN]2014-06-03 11:36:58,029
2014-06-03 11:36:58,887 [9] DEBUG Realm.vshost.exe.Realm.MainWindow.Debug() – TcpServer initialized.
[SESSION BEGIN]2014-06-03 11:46:41,833
2014-06-03 11:46:42,688 [10] DEBUG Realm.vshost.exe.Realm.MainWindow.Debug() – TcpServer initialized.
[SESSION BEGIN]2014-06-03 11:46:51,873
2014-06-03 11:46:52,742 [10] DEBUG Realm.vshost.exe.Realm.MainWindow.Debug() – TcpServer initialized.
[SESSION BEGIN]2014-06-03 11:47:29,368
2014-06-03 11:47:30,267 [9] DEBUG Realm.vshost.exe.Realm.MainWindow.Debug() – TcpServer initialized.
2014-06-03 11:47:32,475 [9] DEBUG Realm.vshost.exe.Realm.MainWindow.DebugFormat() – Event Timer setup with Interval frequency of 200
2014-06-03 11:47:35,405 [9] INFO  Realm.vshost.exe.Realm.MainWindow.Info() – EventManager initialized.
2014-06-03 11:47:40,124 [9] DEBUG Realm.vshost.exe.Realm.MainWindow.DebugFormat() – Realm.Server.Managers.LuaManager asked to initialize 2 LuaVMs.
2014-06-03 11:47:40,127 [9] INFO  Realm.vshost.exe.Realm.MainWindow.InfoFormat() – RegisterListener [Listener=Realm.Server.Managers.LuaManager, ListenTo=, Type=Realm.Library.Common.OnGameInitialize]
2014-06-03 11:47:44,114 [9] DEBUG Realm.vshost.exe.Realm.MainWindow.DebugFormat() – Realm.Data.DatabaseManager asked to spin up 5 database servers.
2014-06-03 11:47:44,118 [9] INFO  Realm.vshost.exe.Realm.MainWindow.InfoFormat() – RegisterListener [Listener=Realm.Data.DatabaseManager, Type=Realm.Library.Common.OnGameInitialize]
2014-06-03 11:47:47,453 [9] DEBUG Realm.vshost.exe.Realm.MainWindow.DebugFormat() – Realm.Data.StaticDataManager setup.
2014-06-03 11:47:47,454 [9] INFO  Realm.vshost.exe.Realm.MainWindow.InfoFormat() – RegisterListener [Listener=Realm.Data.StaticDataManager, Type=Realm.Library.Common.OnGameInitialize]
2014-06-03 11:47:49,773 [9] DEBUG Realm.vshost.exe.Realm.MainWindow.DebugFormat() – EntityManager initialized with Recycle Frequency of 200
2014-06-03 11:47:49,776 [9] INFO  Realm.vshost.exe.Realm.MainWindow.InfoFormat() – RegisterListener [Listener=Realm.Entity.EntityManager, Type=Realm.Library.Common.OnGameInitialize]
2014-06-03 11:47:50,272 [9] DEBUG Realm.vshost.exe.Realm.MainWindow.Debug() – ChannelHelper initialized
2014-06-03 11:47:50,275 [9] DEBUG Realm.vshost.exe.Realm.MainWindow.DebugFormat() – Realm.Communication.ChannelManager setup.
2014-06-03 11:47:50,279 [9] INFO  Realm.vshost.exe.Realm.MainWindow.InfoFormat() – RegisterListener [Listener=Realm.Communication.ChannelManager, Type=Realm.Library.Common.OnGameInitialize]
2014-06-03 11:47:50,773 [9] DEBUG Realm.vshost.exe.Realm.MainWindow.DebugFormat() – CommandManager registered 4 parsers.
2014-06-03 11:47:50,780 [9] DEBUG Realm.vshost.exe.Realm.MainWindow.DebugFormat() – CommandManager registered 46 variables.
2014-06-03 11:47:50,781 [9] DEBUG Realm.vshost.exe.Realm.MainWindow.DebugFormat() – Realm.Command.CommandManager setup.
2014-06-03 11:47:50,782 [9] INFO  Realm.vshost.exe.Realm.MainWindow.InfoFormat() – RegisterListener [Listener=Realm.Command.CommandManager, Type=Realm.Library.Common.OnGameInitialize]
[SESSION BEGIN]2014-06-03 11:48:05,308
2014-06-03 11:48:06,160 [10] DEBUG Realm.vshost.exe.Realm.MainWindow.Debug() – TcpServer initialized.
2014-06-03 11:48:06,225 [10] DEBUG Realm.vshost.exe.Realm.MainWindow.DebugFormat() – Event Timer setup with Interval frequency of 200
2014-06-03 11:48:06,304 [10] INFO  Realm.vshost.exe.Realm.MainWindow.Info() – EventManager initialized.
2014-06-03 11:48:06,310 [10] DEBUG Realm.vshost.exe.Realm.MainWindow.DebugFormat() – Realm.Server.Managers.LuaManager asked to initialize 2 LuaVMs.
2014-06-03 11:48:06,315 [10] INFO  Realm.vshost.exe.Realm.MainWindow.InfoFormat() – RegisterListener [Listener=Realm.Server.Managers.LuaManager, ListenTo=, Type=Realm.Library.Common.OnGameInitialize]
2014-06-03 11:48:06,321 [10] DEBUG Realm.vshost.exe.Realm.MainWindow.DebugFormat() – Realm.Data.DatabaseManager asked to spin up 5 database servers.
2014-06-03 11:48:06,326 [10] INFO  Realm.vshost.exe.Realm.MainWindow.InfoFormat() – RegisterListener [Listener=Realm.Data.DatabaseManager, Type=Realm.Library.Common.OnGameInitialize]
2014-06-03 11:48:06,329 [10] DEBUG Realm.vshost.exe.Realm.MainWindow.DebugFormat() – Realm.Data.StaticDataManager setup.
2014-06-03 11:48:06,332 [10] INFO  Realm.vshost.exe.Realm.MainWindow.InfoFormat() – RegisterListener [Listener=Realm.Data.StaticDataManager, Type=Realm.Library.Common.OnGameInitialize]
2014-06-03 11:48:06,336 [10] DEBUG Realm.vshost.exe.Realm.MainWindow.DebugFormat() – EntityManager initialized with Recycle Frequency of 200
2014-06-03 11:48:06,338 [10] INFO  Realm.vshost.exe.Realm.MainWindow.InfoFormat() – RegisterListener [Listener=Realm.Entity.EntityManager, Type=Realm.Library.Common.OnGameInitialize]
2014-06-03 11:48:06,340 [10] DEBUG Realm.vshost.exe.Realm.MainWindow.Debug() – ChannelHelper initialized
2014-06-03 11:48:06,342 [10] DEBUG Realm.vshost.exe.Realm.MainWindow.DebugFormat() – Realm.Communication.ChannelManager setup.
2014-06-03 11:48:06,343 [10] INFO  Realm.vshost.exe.Realm.MainWindow.InfoFormat() – RegisterListener [Listener=Realm.Communication.ChannelManager, Type=Realm.Library.Common.OnGameInitialize]
2014-06-03 11:48:06,352 [10] DEBUG Realm.vshost.exe.Realm.MainWindow.DebugFormat() – CommandManager registered 4 parsers.
2014-06-03 11:48:06,355 [10] DEBUG Realm.vshost.exe.Realm.MainWindow.DebugFormat() – CommandManager registered 46 variables.
2014-06-03 11:48:06,356 [10] DEBUG Realm.vshost.exe.Realm.MainWindow.DebugFormat() – Realm.Command.CommandManager setup.
2014-06-03 11:48:06,357 [10] INFO  Realm.vshost.exe.Realm.MainWindow.InfoFormat() – RegisterListener [Listener=Realm.Command.CommandManager, Type=Realm.Library.Common.OnGameInitialize]
[SESSION BEGIN]2014-06-03 11:49:37,907
2014-06-03 11:49:38,753 [10] DEBUG Realm.vshost.exe.Realm.MainWindow.Debug() – TcpServer initialized.
2014-06-03 11:49:38,827 [10] DEBUG Realm.vshost.exe.Realm.MainWindow.DebugFormat() – Event Timer setup with Interval frequency of 200
2014-06-03 11:49:38,913 [10] INFO  Realm.vshost.exe.Realm.MainWindow.Info() – EventManager initialized.
2014-06-03 11:49:38,918 [10] DEBUG Realm.vshost.exe.Realm.MainWindow.DebugFormat() – Realm.Server.Managers.LuaManager asked to initialize 2 LuaVMs.
2014-06-03 11:49:38,924 [10] INFO  Realm.vshost.exe.Realm.MainWindow.InfoFormat() – RegisterListener [Listener=Realm.Server.Managers.LuaManager, ListenTo=, Type=Realm.Library.Common.OnGameInitialize]
2014-06-03 11:49:38,929 [10] DEBUG Realm.vshost.exe.Realm.MainWindow.DebugFormat() – Realm.Data.DatabaseManager asked to spin up 5 database servers.
2014-06-03 11:49:38,934 [10] INFO  Realm.vshost.exe.Realm.MainWindow.InfoFormat() – RegisterListener [Listener=Realm.Data.DatabaseManager, Type=Realm.Library.Common.OnGameInitialize]
2014-06-03 11:49:38,941 [10] DEBUG Realm.vshost.exe.Realm.MainWindow.DebugFormat() – Realm.Data.StaticDataManager setup.
2014-06-03 11:49:38,944 [10] INFO  Realm.vshost.exe.Realm.MainWindow.InfoFormat() – RegisterListener [Listener=Realm.Data.StaticDataManager, Type=Realm.Library.Common.OnGameInitialize]
2014-06-03 11:49:38,948 [10] DEBUG Realm.vshost.exe.Realm.MainWindow.DebugFormat() – EntityManager initialized with Recycle Frequency of 200
2014-06-03 11:49:38,951 [10] INFO  Realm.vshost.exe.Realm.MainWindow.InfoFormat() – RegisterListener [Listener=Realm.Entity.EntityManager, Type=Realm.Library.Common.OnGameInitialize]
2014-06-03 11:49:38,953 [10] DEBUG Realm.vshost.exe.Realm.MainWindow.Debug() – ChannelHelper initialized
2014-06-03 11:49:38,955 [10] DEBUG Realm.vshost.exe.Realm.MainWindow.DebugFormat() – Realm.Communication.ChannelManager setup.
2014-06-03 11:49:38,955 [10] INFO  Realm.vshost.exe.Realm.MainWindow.InfoFormat() – RegisterListener [Listener=Realm.Communication.ChannelManager, Type=Realm.Library.Common.OnGameInitialize]
2014-06-03 11:49:38,966 [10] DEBUG Realm.vshost.exe.Realm.MainWindow.DebugFormat() – CommandManager registered 4 parsers.
2014-06-03 11:49:38,971 [10] DEBUG Realm.vshost.exe.Realm.MainWindow.DebugFormat() – CommandManager registered 46 variables.
2014-06-03 11:49:38,972 [10] DEBUG Realm.vshost.exe.Realm.MainWindow.DebugFormat() – Realm.Command.CommandManager setup.
2014-06-03 11:49:38,973 [10] INFO  Realm.vshost.exe.Realm.MainWindow.InfoFormat() – RegisterListener [Listener=Realm.Command.CommandManager, Type=Realm.Library.Common.OnGameInitialize]
[SESSION BEGIN]2014-06-03 11:50:24,518
2014-06-03 11:50:25,417 [9] DEBUG Realm.vshost.exe.Realm.MainWindow.Debug() – TcpServer initialized.
2014-06-03 11:50:32,974 [9] DEBUG Realm.vshost.exe.Realm.MainWindow.DebugFormat() – Event Timer setup with Interval frequency of 200
2014-06-03 11:50:33,047 [9] INFO  Realm.vshost.exe.Realm.MainWindow.Info() – EventManager initialized.
2014-06-03 11:50:33,052 [9] DEBUG Realm.vshost.exe.Realm.MainWindow.DebugFormat() – Realm.Server.Managers.LuaManager asked to initialize 2 LuaVMs.
2014-06-03 11:50:33,058 [9] INFO  Realm.vshost.exe.Realm.MainWindow.InfoFormat() – RegisterListener [Listener=Realm.Server.Managers.LuaManager, ListenTo=, Type=Realm.Library.Common.OnGameInitialize]
2014-06-03 11:50:33,062 [9] DEBUG Realm.vshost.exe.Realm.MainWindow.DebugFormat() – Realm.Data.DatabaseManager asked to spin up 5 database servers.
2014-06-03 11:50:33,068 [9] INFO  Realm.vshost.exe.Realm.MainWindow.InfoFormat() – RegisterListener [Listener=Realm.Data.DatabaseManager, Type=Realm.Library.Common.OnGameInitialize]
2014-06-03 11:50:33,071 [9] DEBUG Realm.vshost.exe.Realm.MainWindow.DebugFormat() – Realm.Data.StaticDataManager setup.
2014-06-03 11:50:33,074 [9] INFO  Realm.vshost.exe.Realm.MainWindow.InfoFormat() – RegisterListener [Listener=Realm.Data.StaticDataManager, Type=Realm.Library.Common.OnGameInitialize]
2014-06-03 11:50:33,081 [9] DEBUG Realm.vshost.exe.Realm.MainWindow.DebugFormat() – EntityManager initialized with Recycle Frequency of 200
2014-06-03 11:50:33,086 [9] INFO  Realm.vshost.exe.Realm.MainWindow.InfoFormat() – RegisterListener [Listener=Realm.Entity.EntityManager, Type=Realm.Library.Common.OnGameInitialize]
2014-06-03 11:50:33,091 [9] DEBUG Realm.vshost.exe.Realm.MainWindow.Debug() – ChannelHelper initialized
2014-06-03 11:50:33,094 [9] DEBUG Realm.vshost.exe.Realm.MainWindow.DebugFormat() – Realm.Communication.ChannelManager setup.
2014-06-03 11:50:33,095 [9] INFO  Realm.vshost.exe.Realm.MainWindow.InfoFormat() – RegisterListener [Listener=Realm.Communication.ChannelManager, Type=Realm.Library.Common.OnGameInitialize]
2014-06-03 11:50:33,103 [9] DEBUG Realm.vshost.exe.Realm.MainWindow.DebugFormat() – CommandManager registered 4 parsers.
2014-06-03 11:50:33,107 [9] DEBUG Realm.vshost.exe.Realm.MainWindow.DebugFormat() – CommandManager registered 46 variables.
2014-06-03 11:50:33,107 [9] DEBUG Realm.vshost.exe.Realm.MainWindow.DebugFormat() – Realm.Command.CommandManager setup.
2014-06-03 11:50:33,108 [9] INFO  Realm.vshost.exe.Realm.MainWindow.InfoFormat() – RegisterListener [Listener=Realm.Command.CommandManager, Type=Realm.Library.Common.OnGameInitialize]
2014-06-03 11:50:34,867 [9] DEBUG Realm.vshost.exe.Realm.MainWindow.DebugFormat() – PathManager initialized with PathCacheDuration of 3600 and MaxMobileMovementCost of 5
2014-06-03 11:50:34,869 [9] INFO  Realm.vshost.exe.Realm.MainWindow.InfoFormat() – RegisterListener [Listener=Realm.Pathing.PathManager, Type=Realm.Library.Common.OnGameInitialize]
2014-06-03 11:50:35,965 [9] DEBUG Realm.vshost.exe.Realm.MainWindow.DebugFormat() – Realm.Time.TimeManager setup.
2014-06-03 11:50:35,966 [9] INFO  Realm.vshost.exe.Realm.MainWindow.InfoFormat() – RegisterListener [Listener=Realm.Time.TimeManager, Type=Realm.Library.Common.OnGameInitialize]
2014-06-03 11:50:35,968 [9] INFO  Realm.vshost.exe.Realm.MainWindow.InfoFormat() – RegisterListener [Listener=Realm.Time.TimeManager, Type=Realm.Event.OnGameStop]
2014-06-03 11:50:37,279 [9] INFO  Realm.vshost.exe.Realm.MainWindow.InfoFormat() – RegisterListener [Listener=Realm.Network.NetworkManager, Type=Realm.Library.Common.OnGameInitialize]
2014-06-03 11:50:37,281 [9] DEBUG Realm.vshost.exe.Realm.MainWindow.DebugFormat() – Created new TcpServer on :0
2014-06-03 11:50:43,297 [9] DEBUG Realm.vshost.exe.Realm.MainWindow.Debug() – Completed initialization of Managers, throwing OnGameInitialize event.
2014-06-03 11:50:45,471 [9] DEBUG Realm.vshost.exe.Realm.MainWindow.DebugFormat() – Sender [Realm.Server.Game] asked to throw Event [Realm.Library.Common.OnGameInitialize].
2014-06-03 11:50:45,475 [9] DEBUG Realm.vshost.exe.Realm.MainWindow.DebugFormat() – Create instance of Event to throw with Type Realm.Library.Common.OnGameInitialize
2014-06-03 11:50:45,480 [9] DEBUG Realm.vshost.exe.Realm.MainWindow.DebugFormat() – Locate Event to Throw Realm.Library.Common.OnGameInitialize
2014-06-03 11:50:45,483 [9] DEBUG Realm.vshost.exe.Realm.MainWindow.DebugFormat() – ThrowEvent Realm.Server.Game/Realm.Library.Common.OnGameInitialize
2014-06-03 11:50:45,486 [9] DEBUG Realm.vshost.exe.Realm.MainWindow.DebugFormat() – Starting the Event Timer with interval frequency of 200
2014-06-03 11:50:45,691 [14] DEBUG Realm.vshost.exe.Realm.MainWindow.DebugFormat() – EventTimer found 1 events in the queue.
2014-06-03 11:50:45,709 [14] DEBUG Realm.vshost.exe.Realm.MainWindow.DebugFormat() – EventHandler got Event OnGameInitialize to process
2014-06-03 11:50:45,711 [14] DEBUG Realm.vshost.exe.Realm.MainWindow.DebugFormat() – EventHandler got Event Realm.Library.Common.OnGameInitialize and its in the event list.
2014-06-03 11:50:45,713 [14] DEBUG Realm.vshost.exe.Realm.MainWindow.DebugFormat() – EventHandler got Event Realm.Library.Common.OnGameInitialize and it has 9 listeners.
2014-06-03 11:50:45,716 [14] DEBUG Realm.vshost.exe.Realm.MainWindow.DebugFormat() – Event Realm.Library.Common.OnGameInitialize making a callback to listener Realm.Server.Managers.LuaManager
2014-06-03 11:50:45,718 [14] DEBUG Realm.vshost.exe.Realm.MainWindow.DebugFormat() – Realm.Server.Managers.LuaManager received Event OnGameInitialize
2014-06-03 11:50:45,899 [14] INFO  Realm.vshost.exe.Realm.MainWindow.Info() – Registering LuaFunctions for Realm.Server.Managers.LuaManager
2014-06-03 11:50:45,903 [14] INFO  Realm.vshost.exe.Realm.MainWindow.InfoFormat() – Initialized Lua VM Context with 2 VM objects.
2014-06-03 11:50:45,905 [14] INFO  Realm.vshost.exe.Realm.MainWindow.InfoFormat() – Manager Realm.Server.Managers.LuaManager initialized.
2014-06-03 11:50:45,906 [14] DEBUG Realm.vshost.exe.Realm.MainWindow.DebugFormat() – Event Realm.Library.Common.OnGameInitialize making a callback to listener Realm.Data.DatabaseManager
2014-06-03 11:50:45,907 [14] DEBUG Realm.vshost.exe.Realm.MainWindow.DebugFormat() – Realm.Data.DatabaseManager received Event OnGameInitialize
2014-06-03 11:50:46,974 [9] INFO  Realm.vshost.exe.Realm.MainWindow.InfoFormat() – TcpServer starting up on port 9001
2014-06-03 11:50:46,985 [9] INFO  Realm.vshost.exe.Realm.MainWindow.InfoFormat() – Game Startup :: Segment Length is 500 milliseconds.
2014-06-03 11:50:46,986 [17] INFO  Realm.vshost.exe.Realm.MainWindow.InfoFormat() – TcpServer Listening on 127.0.0.1:9001
2014-06-03 11:50:46,988 [9] DEBUG Realm.vshost.exe.Realm.MainWindow.DebugFormat() – Sender [Realm.Server.Game] asked to throw Event [Realm.Event.OnGameStart].
2014-06-03 11:50:46,989 [9] DEBUG Realm.vshost.exe.Realm.MainWindow.DebugFormat() – Create instance of Event to throw with Type Realm.Event.OnGameStart
2014-06-03 11:50:47,492 [13] DEBUG Realm.vshost.exe.Realm.MainWindow.DebugFormat() – Sender [Realm.Server.GameLoopProcessor] asked to throw Event [Realm.Event.OnGameSegment].
2014-06-03 11:50:47,492 [13] DEBUG Realm.vshost.exe.Realm.MainWindow.DebugFormat() – Create instance of Event to throw with Type Realm.Event.OnGameSegment
2014-06-03 11:50:48,006 [16] DEBUG Realm.vshost.exe.Realm.MainWindow.DebugFormat() – Sender [Realm.Server.GameLoopProcessor] asked to throw Event [Realm.Event.OnGameSegment].
2014-06-03 11:50:48,006 [16] DEBUG Realm.vshost.exe.Realm.MainWindow.DebugFormat() – Create instance of Event to throw with Type Realm.Event.OnGameSegment
2014-06-03 11:50:48,568 [15] DEBUG Realm.vshost.exe.Realm.MainWindow.DebugFormat() – Sender [Realm.Server.GameLoopProcessor] asked to throw Event [Realm.Event.OnGameSegment].
2014-06-03 11:50:48,569 [15] DEBUG Realm.vshost.exe.Realm.MainWindow.DebugFormat() – Create instance of Event to throw with Type Realm.Event.OnGameSegment
2014-06-03 11:50:49,082 [16] DEBUG Realm.vshost.exe.Realm.MainWindow.DebugFormat() – Sender [Realm.Server.GameLoopProcessor] asked to throw Event [Realm.Event.OnGameSegment].
2014-06-03 11:50:49,082 [16] DEBUG Realm.vshost.exe.Realm.MainWindow.DebugFormat() – Create instance of Event to throw with Type Realm.Event.OnGameSegment
2014-06-03 11:50:49,597 [15] DEBUG Realm.vshost.exe.Realm.MainWindow.DebugFormat() – Sender [Realm.Server.GameLoopProcessor] asked to throw Event [Realm.Event.OnGameSegment].
2014-06-03 11:50:49,597 [15] DEBUG Realm.vshost.exe.Realm.MainWindow.DebugFormat() – Create instance of Event to throw with Type Realm.Event.OnGameSegment
2014-06-03 11:50:50,112 [15] DEBUG Realm.vshost.exe.Realm.MainWindow.DebugFormat() – Sender [Realm.Server.GameLoopProcessor] asked to throw Event [Realm.Event.OnGameSegment].
2014-06-03 11:50:50,112 [15] DEBUG Realm.vshost.exe.Realm.MainWindow.DebugFormat() – Create instance of Event to throw with Type Realm.Event.OnGameSegment
2014-06-03 11:50:50,627 [13] DEBUG Realm.vshost.exe.Realm.MainWindow.DebugFormat() – Sender [Realm.Server.GameLoopProcessor] asked to throw Event [Realm.Event.OnGameSegment].
2014-06-03 11:50:50,629 [13] DEBUG Realm.vshost.exe.Realm.MainWindow.DebugFormat() – Create instance of Event to throw with Type Realm.Event.OnGameSegment
2014-06-03 11:50:51,134 [15] DEBUG Realm.vshost.exe.Realm.MainWindow.DebugFormat() – Sender [Realm.Server.GameLoopProcessor] asked to throw Event [Realm.Event.OnGameSegment].
2014-06-03 11:50:51,136 [15] DEBUG Realm.vshost.exe.Realm.MainWindow.DebugFormat() – Create instance of Event to throw with Type Realm.Event.OnGameSegment
2014-06-03 11:50:51,641 [13] DEBUG Realm.vshost.exe.Realm.MainWindow.DebugFormat() – Sender [Realm.Server.GameLoopProcessor] asked to throw Event [Realm.Event.OnGameSegment].
2014-06-03 11:50:51,642 [13] DEBUG Realm.vshost.exe.Realm.MainWindow.DebugFormat() – Create instance of Event to throw with Type Realm.Event.OnGameSegment
2014-06-03 11:50:52,148 [13] DEBUG Realm.vshost.exe.Realm.MainWindow.DebugFormat() – Sender [Realm.Server.GameLoopProcessor] asked to throw Event [Realm.Event.OnGameSegment].
2014-06-03 11:50:52,148 [13] DEBUG Realm.vshost.exe.Realm.MainWindow.DebugFormat() – Create instance of Event to throw with Type Realm.Event.OnGameSegment
2014-06-03 11:50:52,150 [13] DEBUG Realm.vshost.exe.Realm.MainWindow.DebugFormat() – Sender [Realm.Server.GameLoopProcessor] asked to throw Event [Realm.Event.OnGameRound].
2014-06-03 11:50:52,152 [13] DEBUG Realm.vshost.exe.Realm.MainWindow.DebugFormat() – Create instance of Event to throw with Type Realm.Event.OnGameRound
2014-06-03 11:50:52,655 [16] DEBUG Realm.vshost.exe.Realm.MainWindow.DebugFormat() – Sender [Realm.Server.GameLoopProcessor] asked to throw Event [Realm.Event.OnGameSegment].
2014-06-03 11:50:52,658 [16] DEBUG Realm.vshost.exe.Realm.MainWindow.DebugFormat() – Create instance of Event to throw with Type Realm.Event.OnGameSegment
2014-06-03 11:50:53,162 [16] DEBUG Realm.vshost.exe.Realm.MainWindow.DebugFormat() – Sender [Realm.Server.GameLoopProcessor] asked to throw Event [Realm.Event.OnGameSegment].
2014-06-03 11:50:53,162 [16] DEBUG Realm.vshost.exe.Realm.MainWindow.DebugFormat() – Create instance of Event to throw with Type Realm.Event.OnGameSegment
2014-06-03 11:50:53,669 [13] DEBUG Realm.vshost.exe.Realm.MainWindow.DebugFormat() – Sender [Realm.Server.GameLoopProcessor] asked to throw Event [Realm.Event.OnGameSegment].
2014-06-03 11:50:53,670 [13] DEBUG Realm.vshost.exe.Realm.MainWindow.DebugFormat() – Create instance of Event to throw with Type Realm.Event.OnGameSegment
2014-06-03 11:50:54,176 [13] DEBUG Realm.vshost.exe.Realm.MainWindow.DebugFormat() – Sender [Realm.Server.GameLoopProcessor] asked to throw Event [Realm.Event.OnGameSegment].
2014-06-03 11:50:54,177 [13] DEBUG Realm.vshost.exe.Realm.MainWindow.DebugFormat() – Create instance of Event to throw with Type Realm.Event.OnGameSegment
2014-06-03 11:50:54,683 [16] DEBUG Realm.vshost.exe.Realm.MainWindow.DebugFormat() – Sender [Realm.Server.GameLoopProcessor] asked to throw Event [Realm.Event.OnGameSegment].
2014-06-03 11:50:54,683 [16] DEBUG Realm.vshost.exe.Realm.MainWindow.DebugFormat() – Create instance of Event to throw with Type Realm.Event.OnGameSegment
2014-06-03 11:50:55,190 [16] DEBUG Realm.vshost.exe.Realm.MainWindow.DebugFormat() – Sender [Realm.Server.GameLoopProcessor] asked to throw Event [Realm.Event.OnGameSegment].
2014-06-03 11:50:55,191 [16] DEBUG Realm.vshost.exe.Realm.MainWindow.DebugFormat() – Create instance of Event to throw with Type Realm.Event.OnGameSegment
2014-06-03 11:50:55,697 [13] DEBUG Realm.vshost.exe.Realm.MainWindow.DebugFormat() – Sender [Realm.Server.GameLoopProcessor] asked to throw Event [Realm.Event.OnGameSegment].
2014-06-03 11:50:55,700 [13] DEBUG Realm.vshost.exe.Realm.MainWindow.DebugFormat() – Create instance of Event to throw with Type Realm.Event.OnGameSegment
2014-06-03 11:50:56,204 [16] DEBUG Realm.vshost.exe.Realm.MainWindow.DebugFormat() – Sender [Realm.Server.GameLoopProcessor] asked to throw Event [Realm.Event.OnGameSegment].
2014-06-03 11:50:56,205 [16] DEBUG Realm.vshost.exe.Realm.MainWindow.DebugFormat() – Create instance of Event to throw with Type Realm.Event.OnGameSegment
2014-06-03 11:50:56,711 [15] DEBUG Realm.vshost.exe.Realm.MainWindow.DebugFormat() – Sender [Realm.Server.GameLoopProcessor] asked to throw Event [Realm.Event.OnGameSegment].
2014-06-03 11:50:56,711 [15] DEBUG Realm.vshost.exe.Realm.MainWindow.DebugFormat() – Create instance of Event to throw with Type Realm.Event.OnGameSegment
2014-06-03 11:50:57,218 [15] DEBUG Realm.vshost.exe.Realm.MainWindow.DebugFormat() – Sender [Realm.Server.GameLoopProcessor] asked to throw Event [Realm.Event.OnGameSegment].
2014-06-03 11:50:57,220 [15] DEBUG Realm.vshost.exe.Realm.MainWindow.DebugFormat() – Create instance of Event to throw with Type Realm.Event.OnGameSegment
2014-06-03 11:50:57,221 [15] DEBUG Realm.vshost.exe.Realm.MainWindow.DebugFormat() – Sender [Realm.Server.GameLoopProcessor] asked to throw Event [Realm.Event.OnGameRound].
2014-06-03 11:50:57,223 [15] DEBUG Realm.vshost.exe.Realm.MainWindow.DebugFormat() – Create instance of Event to throw with Type Realm.Event.OnGameRound
2014-06-03 11:50:57,724 [16] DEBUG Realm.vshost.exe.Realm.MainWindow.DebugFormat() – Sender [Realm.Server.GameLoopProcessor] asked to throw Event [Realm.Event.OnGameSegment].
2014-06-03 11:50:57,726 [16] DEBUG Realm.vshost.exe.Realm.MainWindow.DebugFormat() – Create instance of Event to throw with Type Realm.Event.OnGameSegment
2014-06-03 11:50:58,231 [16] DEBUG Realm.vshost.exe.Realm.MainWindow.DebugFormat() – Sender [Realm.Server.GameLoopProcessor] asked to throw Event [Realm.Event.OnGameSegment].
2014-06-03 11:50:58,231 [16] DEBUG Realm.vshost.exe.Realm.MainWindow.DebugFormat() – Create instance of Event to throw with Type Realm.Event.OnGameSegment
2014-06-03 11:50:58,738 [15] DEBUG Realm.vshost.exe.Realm.MainWindow.DebugFormat() – Sender [Realm.Server.GameLoopProcessor] asked to throw Event [Realm.Event.OnGameSegment].
2014-06-03 11:50:58,738 [15] DEBUG Realm.vshost.exe.Realm.MainWindow.DebugFormat() – Create instance of Event to throw with Type Realm.Event.OnGameSegment
2014-06-03 11:50:59,245 [16] DEBUG Realm.vshost.exe.Realm.MainWindow.DebugFormat() – Sender [Realm.Server.GameLoopProcessor] asked to throw Event [Realm.Event.OnGameSegment].
2014-06-03 11:50:59,246 [16] DEBUG Realm.vshost.exe.Realm.MainWindow.DebugFormat() – Create instance of Event to throw with Type Realm.Event.OnGameSegment
2014-06-03 11:50:59,754 [15] DEBUG Realm.vshost.exe.Realm.MainWindow.DebugFormat() – Sender [Realm.Server.GameLoopProcessor] asked to throw Event [Realm.Event.OnGameSegment].
2014-06-03 11:50:59,755 [15] DEBUG Realm.vshost.exe.Realm.MainWindow.DebugFormat() – Create instance of Event to throw with Type Realm.Event.OnGameSegment
2014-06-03 11:51:00,261 [15] DEBUG Realm.vshost.exe.Realm.MainWindow.DebugFormat() – Sender [Realm.Server.GameLoopProcessor] asked to throw Event [Realm.Event.OnGameSegment].
2014-06-03 11:51:00,261 [15] DEBUG Realm.vshost.exe.Realm.MainWindow.DebugFormat() – Create instance of Event to throw with Type Realm.Event.OnGameSegment
2014-06-03 11:51:00,766 [13] DEBUG Realm.vshost.exe.Realm.MainWindow.DebugFormat() – Sender [Realm.Server.GameLoopProcessor] asked to throw Event [Realm.Event.OnGameSegment].
2014-06-03 11:51:00,767 [13] DEBUG Realm.vshost.exe.Realm.MainWindow.DebugFormat() – Create instance of Event to throw with Type Realm.Event.OnGameSegment
2014-06-03 11:51:01,273 [13] DEBUG Realm.vshost.exe.Realm.MainWindow.DebugFormat() – Sender [Realm.Server.GameLoopProcessor] asked to throw Event [Realm.Event.OnGameSegment].
2014-06-03 11:51:01,274 [13] DEBUG Realm.vshost.exe.Realm.MainWindow.DebugFormat() – Create instance of Event to throw with Type Realm.Event.OnGameSegment
2014-06-03 11:51:01,780 [15] DEBUG Realm.vshost.exe.Realm.MainWindow.DebugFormat() – Sender [Realm.Server.GameLoopProcessor] asked to throw Event [Realm.Event.OnGameSegment].
2014-06-03 11:51:01,782 [15] DEBUG Realm.vshost.exe.Realm.MainWindow.DebugFormat() – Create instance of Event to throw with Type Realm.Event.OnGameSegment
2014-06-03 11:51:02,287 [15] DEBUG Realm.vshost.exe.Realm.MainWindow.DebugFormat() – Sender [Realm.Server.GameLoopProcessor] asked to throw Event [Realm.Event.OnGameSegment].
2014-06-03 11:51:02,287 [15] DEBUG Realm.vshost.exe.Realm.MainWindow.DebugFormat() – Create instance of Event to throw with Type Realm.Event.OnGameSegment
2014-06-03 11:51:02,288 [15] DEBUG Realm.vshost.exe.Realm.MainWindow.DebugFormat() – Sender [Realm.Server.GameLoopProcessor] asked to throw Event [Realm.Event.OnGameRound].
2014-06-03 11:51:02,288 [15] DEBUG Realm.vshost.exe.Realm.MainWindow.DebugFormat() – Create instance of Event to throw with Type Realm.Event.OnGameRound
2014-06-03 11:51:02,523 [14] ERROR Realm.vshost.exe.Realm.MainWindow.Error() – Manager Realm.Data.DatabaseManager failed to initialize.
System.Data.SqlClient.SqlException (0x80131904): A network-related or instance-specific error occurred while establishing a connection to SQL Server. The server was not found or was not accessible. Verify that the instance name is correct and that SQL Server is configured to allow remote connections. (provider: SQL Network Interfaces, error: 26 - Error Locating Server/Instance Specified)
   at System.Data.SqlClient.SqlInternalConnection.OnError(SqlException exception, Boolean breakConnection, Action`1 wrapCloseInAction)
   at System.Data.SqlClient.TdsParser.ThrowExceptionAndWarning(TdsParserStateObject stateObj, Boolean callerHasConnectionLock, Boolean asyncClose)
   at System.Data.SqlClient.TdsParser.Connect(ServerInfo serverInfo, SqlInternalConnectionTds connHandler, Boolean ignoreSniOpenTimeout, Int64 timerExpire, Boolean encrypt, Boolean trustServerCert, Boolean integratedSecurity, Boolean withFailover)
   at System.Data.SqlClient.SqlInternalConnectionTds.AttemptOneLogin(ServerInfo serverInfo, String newPassword, SecureString newSecurePassword, Boolean ignoreSniOpenTimeout, TimeoutTimer timeout, Boolean withFailover)
   at System.Data.SqlClient.SqlInternalConnectionTds.LoginNoFailover(ServerInfo serverInfo, String newPassword, SecureString newSecurePassword, Boolean redirectedUserInstance, SqlConnectionString connectionOptions, SqlCredential credential, TimeoutTimer timeout)
   at System.Data.SqlClient.SqlInternalConnectionTds.OpenLoginEnlist(TimeoutTimer timeout, SqlConnectionString connectionOptions, SqlCredential credential, String newPassword, SecureString newSecurePassword, Boolean redirectedUserInstance)
   at System.Data.SqlClient.SqlInternalConnectionTds..ctor(DbConnectionPoolIdentity identity, SqlConnectionString connectionOptions, SqlCredential credential, Object providerInfo, String newPassword, SecureString newSecurePassword, Boolean redirectedUserInstance, SqlConnectionString userConnectionOptions, SessionData reconnectSessionData)
   at System.Data.SqlClient.SqlConnectionFactory.CreateConnection(DbConnectionOptions options, DbConnectionPoolKey poolKey, Object poolGroupProviderInfo, DbConnectionPool pool, DbConnection owningConnection, DbConnectionOptions userOptions)
   at System.Data.ProviderBase.DbConnectionFactory.CreateNonPooledConnection(DbConnection owningConnection, DbConnectionPoolGroup poolGroup, DbConnectionOptions userOptions)
   at System.Data.ProviderBase.DbConnectionFactory.TryGetConnection(DbConnection owningConnection, TaskCompletionSource`1 retry, DbConnectionOptions userOptions, DbConnectionInternal oldConnection, DbConnectionInternal& connection)
   at System.Data.ProviderBase.DbConnectionInternal.TryOpenConnectionInternal(DbConnection outerConnection, DbConnectionFactory connectionFactory, TaskCompletionSource`1 retry, DbConnectionOptions userOptions)
   at System.Data.ProviderBase.DbConnectionClosed.TryOpenConnection(DbConnection outerConnection, DbConnectionFactory connectionFactory, TaskCompletionSource`1 retry, DbConnectionOptions userOptions)
   at System.Data.SqlClient.SqlConnection.TryOpenInner(TaskCompletionSource`1 retry)
   at System.Data.SqlClient.SqlConnection.TryOpen(TaskCompletionSource`1 retry)
   at System.Data.SqlClient.SqlConnection.Open()
   at Realm.Library.Database.Framework.DatabaseServer..ctor(Int64 id, String connectionString, LogWrapper log, IEnumerable`1 procedureLoaders) in c:\Users\jmurdick\Documents\Visual Studio 2013\Projects\Realm\Source\Realm.Library\Realm.Library.Database\Framework\DatabaseServer.cs:line 46
   at Realm.Library.Database.Framework.DatabaseServerContext.<>c__DisplayClass2.<.ctor>b__0(Int32 i) in c:\Users\jmurdick\Documents\Visual Studio 2013\Projects\Realm\Source\Realm.Library\Realm.Library.Database\Framework\DatabaseServerContext.cs:line 44
   at System.Collections.Generic.List`1.ForEach(Action`1 action)
   at Realm.Library.Database.Framework.DatabaseServerContext..ctor(LogWrapper log, String connectionString, Int32 numberServers, IEnumerable`1 procedureLoaders) in c:\Users\jmurdick\Documents\Visual Studio 2013\Projects\Realm\Source\Realm.Library\Realm.Library.Database\Framework\DatabaseServerContext.cs:line 41
   at Realm.Data.DatabaseManager.Instance_OnGameInitialize(RealmEventArgs args) in c:\Users\jmurdick\Documents\Visual Studio 2013\Projects\Realm\Source\Realm.Server\Realm.Data\DatabaseManager.cs:line 93
ClientConnectionId:00000000-0000-0000-0000-000000000000
2014-06-03 11:51:03,533 [13] DEBUG Realm.vshost.exe.Realm.MainWindow.DebugFormat() – Sender [Realm.Server.GameLoopProcessor] asked to throw Event [Realm.Event.OnGameSegment].
2014-06-03 11:51:03,533 [13] DEBUG Realm.vshost.exe.Realm.MainWindow.DebugFormat() – Create instance of Event to throw with Type Realm.Event.OnGameSegment
